<?xml version="1.0" encoding="UTF-8"?>
<testng-results skipped="0" failed="0" ignored="0" total="20" passed="20">
  <reporter-output>
  </reporter-output>
  <suite name="book-flight-module" duration-ms="92619" started-at="2022-10-23T19:46:46Z" finished-at="2022-10-23T19:48:18Z">
    <groups>
    </groups>
    <test name="book fight 3" duration-ms="91580" started-at="2022-10-23T19:46:46Z" finished-at="2022-10-23T19:48:17Z">
      <class name="com.newtours.tests.BookFlightTest">
        <test-method status="PASS" signature="setUpDriver()[pri:0, instance:com.newtours.tests.BookFlightTest@9f70c54]" name="setUpDriver" is-config="true" duration-ms="21956" started-at="2022-10-23T19:46:46Z" finished-at="2022-10-23T19:47:08Z">
          <reporter-output>
          </reporter-output>
        </test-method> <!-- setUpDriver -->
        <test-method status="PASS" signature="setUpParameter(java.lang.String, java.lang.String)[pri:0, instance:com.newtours.tests.BookFlightTest@9f70c54]" name="setUpParameter" is-config="true" duration-ms="5" started-at="2022-10-23T19:47:08Z" depends-on-methods="com.base.driver.BaseTest.setUpDriver" finished-at="2022-10-23T19:47:08Z">
          <params>
            <param index="0">
              <value>
                <![CDATA[3]]>
              </value>
            </param>
            <param index="1">
              <value>
                <![CDATA[$1753 USD]]>
              </value>
            </param>
          </params>
          <reporter-output>
          </reporter-output>
        </test-method> <!-- setUpParameter -->
        <test-method status="PASS" signature="registrationPage()[pri:0, instance:com.newtours.tests.BookFlightTest@9f70c54]" name="registrationPage" duration-ms="30748" started-at="2022-10-23T19:47:08Z" finished-at="2022-10-23T19:47:38Z">
          <reporter-output>
          </reporter-output>
        </test-method> <!-- registrationPage -->
        <test-method status="PASS" signature="registrationConfirmationPage()[pri:0, instance:com.newtours.tests.BookFlightTest@9f70c54]" name="registrationConfirmationPage" duration-ms="2703" started-at="2022-10-23T19:47:39Z" depends-on-methods="com.newtours.tests.BookFlightTest.registrationPage" finished-at="2022-10-23T19:47:42Z">
          <reporter-output>
          </reporter-output>
        </test-method> <!-- registrationConfirmationPage -->
        <test-method status="PASS" signature="flightDetailsPage()[pri:0, instance:com.newtours.tests.BookFlightTest@9f70c54]" name="flightDetailsPage" duration-ms="7728" started-at="2022-10-23T19:47:42Z" depends-on-methods="com.newtours.tests.BookFlightTest.registrationConfirmationPage" finished-at="2022-10-23T19:47:50Z">
          <reporter-output>
          </reporter-output>
        </test-method> <!-- flightDetailsPage -->
        <test-method status="PASS" signature="findFlightPage()[pri:0, instance:com.newtours.tests.BookFlightTest@9f70c54]" name="findFlightPage" duration-ms="1244" started-at="2022-10-23T19:47:50Z" depends-on-methods="com.newtours.tests.BookFlightTest.flightDetailsPage" finished-at="2022-10-23T19:47:51Z">
          <reporter-output>
          </reporter-output>
        </test-method> <!-- findFlightPage -->
        <test-method status="PASS" signature="flightConfPage()[pri:0, instance:com.newtours.tests.BookFlightTest@9f70c54]" name="flightConfPage" duration-ms="1396" started-at="2022-10-23T19:47:51Z" depends-on-methods="com.newtours.tests.BookFlightTest.findFlightPage" finished-at="2022-10-23T19:47:52Z">
          <reporter-output>
          </reporter-output>
        </test-method> <!-- flightConfPage -->
        <test-method status="PASS" signature="quitBrowser()[pri:0, instance:com.newtours.tests.BookFlightTest@9f70c54]" name="quitBrowser" is-config="true" duration-ms="24767" started-at="2022-10-23T19:47:52Z" finished-at="2022-10-23T19:48:17Z">
          <reporter-output>
          </reporter-output>
        </test-method> <!-- quitBrowser -->
      </class> <!-- com.newtours.tests.BookFlightTest -->
    </test> <!-- book fight 3 -->
    <test name="book fight 4" duration-ms="92010" started-at="2022-10-23T19:46:46Z" finished-at="2022-10-23T19:48:18Z">
      <class name="com.newtours.tests.BookFlightTest">
        <test-method status="PASS" signature="setUpDriver()[pri:0, instance:com.newtours.tests.BookFlightTest@97e1986]" name="setUpDriver" is-config="true" duration-ms="26210" started-at="2022-10-23T19:46:46Z" finished-at="2022-10-23T19:47:12Z">
          <reporter-output>
          </reporter-output>
        </test-method> <!-- setUpDriver -->
        <test-method status="PASS" signature="setUpParameter(java.lang.String, java.lang.String)[pri:0, instance:com.newtours.tests.BookFlightTest@97e1986]" name="setUpParameter" is-config="true" duration-ms="1" started-at="2022-10-23T19:47:12Z" depends-on-methods="com.base.driver.BaseTest.setUpDriver" finished-at="2022-10-23T19:47:12Z">
          <params>
            <param index="0">
              <value>
                <![CDATA[4]]>
              </value>
            </param>
            <param index="1">
              <value>
                <![CDATA[$2338 USD]]>
              </value>
            </param>
          </params>
          <reporter-output>
          </reporter-output>
        </test-method> <!-- setUpParameter -->
        <test-method status="PASS" signature="registrationPage()[pri:0, instance:com.newtours.tests.BookFlightTest@97e1986]" name="registrationPage" duration-ms="26477" started-at="2022-10-23T19:47:12Z" finished-at="2022-10-23T19:47:38Z">
          <reporter-output>
          </reporter-output>
        </test-method> <!-- registrationPage -->
        <test-method status="PASS" signature="registrationConfirmationPage()[pri:0, instance:com.newtours.tests.BookFlightTest@97e1986]" name="registrationConfirmationPage" duration-ms="2534" started-at="2022-10-23T19:47:39Z" depends-on-methods="com.newtours.tests.BookFlightTest.registrationPage" finished-at="2022-10-23T19:47:42Z">
          <reporter-output>
          </reporter-output>
        </test-method> <!-- registrationConfirmationPage -->
        <test-method status="PASS" signature="flightDetailsPage()[pri:0, instance:com.newtours.tests.BookFlightTest@97e1986]" name="flightDetailsPage" duration-ms="7730" started-at="2022-10-23T19:47:42Z" depends-on-methods="com.newtours.tests.BookFlightTest.registrationConfirmationPage" finished-at="2022-10-23T19:47:50Z">
          <reporter-output>
          </reporter-output>
        </test-method> <!-- flightDetailsPage -->
        <test-method status="PASS" signature="findFlightPage()[pri:0, instance:com.newtours.tests.BookFlightTest@97e1986]" name="findFlightPage" duration-ms="1395" started-at="2022-10-23T19:47:50Z" depends-on-methods="com.newtours.tests.BookFlightTest.flightDetailsPage" finished-at="2022-10-23T19:47:51Z">
          <reporter-output>
          </reporter-output>
        </test-method> <!-- findFlightPage -->
        <test-method status="PASS" signature="flightConfPage()[pri:0, instance:com.newtours.tests.BookFlightTest@97e1986]" name="flightConfPage" duration-ms="1410" started-at="2022-10-23T19:47:51Z" depends-on-methods="com.newtours.tests.BookFlightTest.findFlightPage" finished-at="2022-10-23T19:47:52Z">
          <reporter-output>
          </reporter-output>
        </test-method> <!-- flightConfPage -->
        <test-method status="PASS" signature="quitBrowser()[pri:0, instance:com.newtours.tests.BookFlightTest@97e1986]" name="quitBrowser" is-config="true" duration-ms="25197" started-at="2022-10-23T19:47:52Z" finished-at="2022-10-23T19:48:18Z">
          <reporter-output>
          </reporter-output>
        </test-method> <!-- quitBrowser -->
      </class> <!-- com.newtours.tests.BookFlightTest -->
    </test> <!-- book fight 4 -->
    <test name="book flight 1" duration-ms="92487" started-at="2022-10-23T19:46:46Z" finished-at="2022-10-23T19:48:18Z">
      <class name="com.newtours.tests.BookFlightTest">
        <test-method status="PASS" signature="setUpDriver()[pri:0, instance:com.newtours.tests.BookFlightTest@180bc464]" name="setUpDriver" is-config="true" duration-ms="24531" started-at="2022-10-23T19:46:46Z" finished-at="2022-10-23T19:47:10Z">
          <reporter-output>
          </reporter-output>
        </test-method> <!-- setUpDriver -->
        <test-method status="PASS" signature="setUpParameter(java.lang.String, java.lang.String)[pri:0, instance:com.newtours.tests.BookFlightTest@180bc464]" name="setUpParameter" is-config="true" duration-ms="0" started-at="2022-10-23T19:47:10Z" depends-on-methods="com.base.driver.BaseTest.setUpDriver" finished-at="2022-10-23T19:47:10Z">
          <params>
            <param index="0">
              <value>
                <![CDATA[1]]>
              </value>
            </param>
            <param index="1">
              <value>
                <![CDATA[$584 USD]]>
              </value>
            </param>
          </params>
          <reporter-output>
          </reporter-output>
        </test-method> <!-- setUpParameter -->
        <test-method status="PASS" signature="registrationPage()[pri:0, instance:com.newtours.tests.BookFlightTest@180bc464]" name="registrationPage" duration-ms="28210" started-at="2022-10-23T19:47:10Z" finished-at="2022-10-23T19:47:38Z">
          <reporter-output>
          </reporter-output>
        </test-method> <!-- registrationPage -->
        <test-method status="PASS" signature="registrationConfirmationPage()[pri:0, instance:com.newtours.tests.BookFlightTest@180bc464]" name="registrationConfirmationPage" duration-ms="2499" started-at="2022-10-23T19:47:39Z" depends-on-methods="com.newtours.tests.BookFlightTest.registrationPage" finished-at="2022-10-23T19:47:42Z">
          <reporter-output>
          </reporter-output>
        </test-method> <!-- registrationConfirmationPage -->
        <test-method status="PASS" signature="flightDetailsPage()[pri:0, instance:com.newtours.tests.BookFlightTest@180bc464]" name="flightDetailsPage" duration-ms="7623" started-at="2022-10-23T19:47:42Z" depends-on-methods="com.newtours.tests.BookFlightTest.registrationConfirmationPage" finished-at="2022-10-23T19:47:50Z">
          <reporter-output>
          </reporter-output>
        </test-method> <!-- flightDetailsPage -->
        <test-method status="PASS" signature="findFlightPage()[pri:0, instance:com.newtours.tests.BookFlightTest@180bc464]" name="findFlightPage" duration-ms="1509" started-at="2022-10-23T19:47:50Z" depends-on-methods="com.newtours.tests.BookFlightTest.flightDetailsPage" finished-at="2022-10-23T19:47:51Z">
          <reporter-output>
          </reporter-output>
        </test-method> <!-- findFlightPage -->
        <test-method status="PASS" signature="flightConfPage()[pri:0, instance:com.newtours.tests.BookFlightTest@180bc464]" name="flightConfPage" duration-ms="1442" started-at="2022-10-23T19:47:51Z" depends-on-methods="com.newtours.tests.BookFlightTest.findFlightPage" finished-at="2022-10-23T19:47:52Z">
          <reporter-output>
          </reporter-output>
        </test-method> <!-- flightConfPage -->
        <test-method status="PASS" signature="quitBrowser()[pri:0, instance:com.newtours.tests.BookFlightTest@180bc464]" name="quitBrowser" is-config="true" duration-ms="25672" started-at="2022-10-23T19:47:52Z" finished-at="2022-10-23T19:48:18Z">
          <reporter-output>
          </reporter-output>
        </test-method> <!-- quitBrowser -->
      </class> <!-- com.newtours.tests.BookFlightTest -->
    </test> <!-- book flight 1 -->
    <test name="book fight 2" duration-ms="92619" started-at="2022-10-23T19:46:46Z" finished-at="2022-10-23T19:48:18Z">
      <class name="com.newtours.tests.BookFlightTest">
        <test-method status="PASS" signature="setUpDriver()[pri:0, instance:com.newtours.tests.BookFlightTest@54a097cc]" name="setUpDriver" is-config="true" duration-ms="25569" started-at="2022-10-23T19:46:46Z" finished-at="2022-10-23T19:47:11Z">
          <reporter-output>
          </reporter-output>
        </test-method> <!-- setUpDriver -->
        <test-method status="PASS" signature="setUpParameter(java.lang.String, java.lang.String)[pri:0, instance:com.newtours.tests.BookFlightTest@54a097cc]" name="setUpParameter" is-config="true" duration-ms="0" started-at="2022-10-23T19:47:11Z" depends-on-methods="com.base.driver.BaseTest.setUpDriver" finished-at="2022-10-23T19:47:11Z">
          <params>
            <param index="0">
              <value>
                <![CDATA[2]]>
              </value>
            </param>
            <param index="1">
              <value>
                <![CDATA[$1169 USD]]>
              </value>
            </param>
          </params>
          <reporter-output>
          </reporter-output>
        </test-method> <!-- setUpParameter -->
        <test-method status="PASS" signature="registrationPage()[pri:0, instance:com.newtours.tests.BookFlightTest@54a097cc]" name="registrationPage" duration-ms="27217" started-at="2022-10-23T19:47:11Z" finished-at="2022-10-23T19:47:38Z">
          <reporter-output>
          </reporter-output>
        </test-method> <!-- registrationPage -->
        <test-method status="PASS" signature="registrationConfirmationPage()[pri:0, instance:com.newtours.tests.BookFlightTest@54a097cc]" name="registrationConfirmationPage" duration-ms="2664" started-at="2022-10-23T19:47:39Z" depends-on-methods="com.newtours.tests.BookFlightTest.registrationPage" finished-at="2022-10-23T19:47:42Z">
          <reporter-output>
          </reporter-output>
        </test-method> <!-- registrationConfirmationPage -->
        <test-method status="PASS" signature="flightDetailsPage()[pri:0, instance:com.newtours.tests.BookFlightTest@54a097cc]" name="flightDetailsPage" duration-ms="7752" started-at="2022-10-23T19:47:42Z" depends-on-methods="com.newtours.tests.BookFlightTest.registrationConfirmationPage" finished-at="2022-10-23T19:47:50Z">
          <reporter-output>
          </reporter-output>
        </test-method> <!-- flightDetailsPage -->
        <test-method status="PASS" signature="findFlightPage()[pri:0, instance:com.newtours.tests.BookFlightTest@54a097cc]" name="findFlightPage" duration-ms="1181" started-at="2022-10-23T19:47:50Z" depends-on-methods="com.newtours.tests.BookFlightTest.flightDetailsPage" finished-at="2022-10-23T19:47:51Z">
          <reporter-output>
          </reporter-output>
        </test-method> <!-- findFlightPage -->
        <test-method status="PASS" signature="flightConfPage()[pri:0, instance:com.newtours.tests.BookFlightTest@54a097cc]" name="flightConfPage" duration-ms="1473" started-at="2022-10-23T19:47:51Z" depends-on-methods="com.newtours.tests.BookFlightTest.findFlightPage" finished-at="2022-10-23T19:47:52Z">
          <reporter-output>
          </reporter-output>
        </test-method> <!-- flightConfPage -->
        <test-method status="PASS" signature="quitBrowser()[pri:0, instance:com.newtours.tests.BookFlightTest@54a097cc]" name="quitBrowser" is-config="true" duration-ms="25805" started-at="2022-10-23T19:47:52Z" finished-at="2022-10-23T19:48:18Z">
          <reporter-output>
          </reporter-output>
        </test-method> <!-- quitBrowser -->
      </class> <!-- com.newtours.tests.BookFlightTest -->
    </test> <!-- book fight 2 -->
  </suite> <!-- book-flight-module -->
</testng-results>
