<?xml version="1.0" encoding="UTF-8"?>
<testng-results skipped="0" failed="0" ignored="0" total="20" passed="20">
  <reporter-output>
  </reporter-output>
  <suite name="book-flight-module" duration-ms="89172" started-at="2022-10-25T11:53:09Z" finished-at="2022-10-25T11:54:38Z">
    <groups>
    </groups>
    <test name="book fight 2" duration-ms="27132" started-at="2022-10-25T11:53:09Z" finished-at="2022-10-25T11:53:36Z">
      <class name="com.newtours.tests.BookFlightTest">
        <test-method status="PASS" signature="setUpDriver()[pri:0, instance:com.newtours.tests.BookFlightTest@4157f54e]" name="setUpDriver" is-config="true" duration-ms="8451" started-at="2022-10-25T11:53:09Z" finished-at="2022-10-25T11:53:17Z">
          <reporter-output>
          </reporter-output>
        </test-method> <!-- setUpDriver -->
        <test-method status="PASS" signature="setUpParameter(java.lang.String, java.lang.String)[pri:0, instance:com.newtours.tests.BookFlightTest@4157f54e]" name="setUpParameter" is-config="true" duration-ms="5" started-at="2022-10-25T11:53:17Z" depends-on-methods="com.base.driver.BaseTest.setUpDriver" finished-at="2022-10-25T11:53:17Z">
          <params>
            <param index="0">
              <value>
                <![CDATA[2]]>
              </value>
            </param>
            <param index="1">
              <value>
                <![CDATA[$1169 USD]]>
              </value>
            </param>
          </params>
          <reporter-output>
          </reporter-output>
        </test-method> <!-- setUpParameter -->
        <test-method status="PASS" signature="registrationPage()[pri:0, instance:com.newtours.tests.BookFlightTest@4157f54e]" name="registrationPage" duration-ms="9478" started-at="2022-10-25T11:53:17Z" finished-at="2022-10-25T11:53:27Z">
          <reporter-output>
          </reporter-output>
        </test-method> <!-- registrationPage -->
        <test-method status="PASS" signature="registrationConfirmationPage()[pri:0, instance:com.newtours.tests.BookFlightTest@4157f54e]" name="registrationConfirmationPage" duration-ms="241" started-at="2022-10-25T11:53:27Z" depends-on-methods="com.newtours.tests.BookFlightTest.registrationPage" finished-at="2022-10-25T11:53:27Z">
          <reporter-output>
          </reporter-output>
        </test-method> <!-- registrationConfirmationPage -->
        <test-method status="PASS" signature="flightDetailsPage()[pri:0, instance:com.newtours.tests.BookFlightTest@4157f54e]" name="flightDetailsPage" duration-ms="5661" started-at="2022-10-25T11:53:27Z" depends-on-methods="com.newtours.tests.BookFlightTest.registrationConfirmationPage" finished-at="2022-10-25T11:53:33Z">
          <reporter-output>
          </reporter-output>
        </test-method> <!-- flightDetailsPage -->
        <test-method status="PASS" signature="findFlightPage()[pri:0, instance:com.newtours.tests.BookFlightTest@4157f54e]" name="findFlightPage" duration-ms="1048" started-at="2022-10-25T11:53:33Z" depends-on-methods="com.newtours.tests.BookFlightTest.flightDetailsPage" finished-at="2022-10-25T11:53:34Z">
          <reporter-output>
          </reporter-output>
        </test-method> <!-- findFlightPage -->
        <test-method status="PASS" signature="flightConfPage()[pri:0, instance:com.newtours.tests.BookFlightTest@4157f54e]" name="flightConfPage" duration-ms="987" started-at="2022-10-25T11:53:34Z" depends-on-methods="com.newtours.tests.BookFlightTest.findFlightPage" finished-at="2022-10-25T11:53:35Z">
          <reporter-output>
          </reporter-output>
        </test-method> <!-- flightConfPage -->
        <test-method status="PASS" signature="quitBrowser()[pri:0, instance:com.newtours.tests.BookFlightTest@4157f54e]" name="quitBrowser" is-config="true" duration-ms="1242" started-at="2022-10-25T11:53:35Z" finished-at="2022-10-25T11:53:36Z">
          <reporter-output>
          </reporter-output>
        </test-method> <!-- quitBrowser -->
      </class> <!-- com.newtours.tests.BookFlightTest -->
    </test> <!-- book fight 2 -->
    <test name="book flight 1" duration-ms="49366" started-at="2022-10-25T11:53:09Z" finished-at="2022-10-25T11:53:58Z">
      <class name="com.newtours.tests.BookFlightTest">
        <test-method status="PASS" signature="setUpDriver()[pri:0, instance:com.newtours.tests.BookFlightTest@7a5d012c]" name="setUpDriver" is-config="true" duration-ms="31516" started-at="2022-10-25T11:53:09Z" finished-at="2022-10-25T11:53:40Z">
          <reporter-output>
          </reporter-output>
        </test-method> <!-- setUpDriver -->
        <test-method status="PASS" signature="setUpParameter(java.lang.String, java.lang.String)[pri:0, instance:com.newtours.tests.BookFlightTest@7a5d012c]" name="setUpParameter" is-config="true" duration-ms="1" started-at="2022-10-25T11:53:40Z" depends-on-methods="com.base.driver.BaseTest.setUpDriver" finished-at="2022-10-25T11:53:40Z">
          <params>
            <param index="0">
              <value>
                <![CDATA[1]]>
              </value>
            </param>
            <param index="1">
              <value>
                <![CDATA[$584 USD]]>
              </value>
            </param>
          </params>
          <reporter-output>
          </reporter-output>
        </test-method> <!-- setUpParameter -->
        <test-method status="PASS" signature="registrationPage()[pri:0, instance:com.newtours.tests.BookFlightTest@7a5d012c]" name="registrationPage" duration-ms="10773" started-at="2022-10-25T11:53:40Z" finished-at="2022-10-25T11:53:51Z">
          <reporter-output>
          </reporter-output>
        </test-method> <!-- registrationPage -->
        <test-method status="PASS" signature="registrationConfirmationPage()[pri:0, instance:com.newtours.tests.BookFlightTest@7a5d012c]" name="registrationConfirmationPage" duration-ms="215" started-at="2022-10-25T11:53:51Z" depends-on-methods="com.newtours.tests.BookFlightTest.registrationPage" finished-at="2022-10-25T11:53:51Z">
          <reporter-output>
          </reporter-output>
        </test-method> <!-- registrationConfirmationPage -->
        <test-method status="PASS" signature="flightDetailsPage()[pri:0, instance:com.newtours.tests.BookFlightTest@7a5d012c]" name="flightDetailsPage" duration-ms="5507" started-at="2022-10-25T11:53:51Z" depends-on-methods="com.newtours.tests.BookFlightTest.registrationConfirmationPage" finished-at="2022-10-25T11:53:57Z">
          <reporter-output>
          </reporter-output>
        </test-method> <!-- flightDetailsPage -->
        <test-method status="PASS" signature="findFlightPage()[pri:0, instance:com.newtours.tests.BookFlightTest@7a5d012c]" name="findFlightPage" duration-ms="449" started-at="2022-10-25T11:53:57Z" depends-on-methods="com.newtours.tests.BookFlightTest.flightDetailsPage" finished-at="2022-10-25T11:53:57Z">
          <reporter-output>
          </reporter-output>
        </test-method> <!-- findFlightPage -->
        <test-method status="PASS" signature="flightConfPage()[pri:0, instance:com.newtours.tests.BookFlightTest@7a5d012c]" name="flightConfPage" duration-ms="418" started-at="2022-10-25T11:53:57Z" depends-on-methods="com.newtours.tests.BookFlightTest.findFlightPage" finished-at="2022-10-25T11:53:58Z">
          <reporter-output>
          </reporter-output>
        </test-method> <!-- flightConfPage -->
        <test-method status="PASS" signature="quitBrowser()[pri:0, instance:com.newtours.tests.BookFlightTest@7a5d012c]" name="quitBrowser" is-config="true" duration-ms="480" started-at="2022-10-25T11:53:58Z" finished-at="2022-10-25T11:53:58Z">
          <reporter-output>
          </reporter-output>
        </test-method> <!-- quitBrowser -->
      </class> <!-- com.newtours.tests.BookFlightTest -->
    </test> <!-- book flight 1 -->
    <test name="book fight 3" duration-ms="67774" started-at="2022-10-25T11:53:09Z" finished-at="2022-10-25T11:54:17Z">
      <class name="com.newtours.tests.BookFlightTest">
        <test-method status="PASS" signature="setUpDriver()[pri:0, instance:com.newtours.tests.BookFlightTest@2d3fcdbd]" name="setUpDriver" is-config="true" duration-ms="51782" started-at="2022-10-25T11:53:09Z" finished-at="2022-10-25T11:54:01Z">
          <reporter-output>
          </reporter-output>
        </test-method> <!-- setUpDriver -->
        <test-method status="PASS" signature="setUpParameter(java.lang.String, java.lang.String)[pri:0, instance:com.newtours.tests.BookFlightTest@2d3fcdbd]" name="setUpParameter" is-config="true" duration-ms="0" started-at="2022-10-25T11:54:01Z" depends-on-methods="com.base.driver.BaseTest.setUpDriver" finished-at="2022-10-25T11:54:01Z">
          <params>
            <param index="0">
              <value>
                <![CDATA[3]]>
              </value>
            </param>
            <param index="1">
              <value>
                <![CDATA[$1753 USD]]>
              </value>
            </param>
          </params>
          <reporter-output>
          </reporter-output>
        </test-method> <!-- setUpParameter -->
        <test-method status="PASS" signature="registrationPage()[pri:0, instance:com.newtours.tests.BookFlightTest@2d3fcdbd]" name="registrationPage" duration-ms="8594" started-at="2022-10-25T11:54:01Z" finished-at="2022-10-25T11:54:09Z">
          <reporter-output>
          </reporter-output>
        </test-method> <!-- registrationPage -->
        <test-method status="PASS" signature="registrationConfirmationPage()[pri:0, instance:com.newtours.tests.BookFlightTest@2d3fcdbd]" name="registrationConfirmationPage" duration-ms="205" started-at="2022-10-25T11:54:09Z" depends-on-methods="com.newtours.tests.BookFlightTest.registrationPage" finished-at="2022-10-25T11:54:09Z">
          <reporter-output>
          </reporter-output>
        </test-method> <!-- registrationConfirmationPage -->
        <test-method status="PASS" signature="flightDetailsPage()[pri:0, instance:com.newtours.tests.BookFlightTest@2d3fcdbd]" name="flightDetailsPage" duration-ms="5606" started-at="2022-10-25T11:54:09Z" depends-on-methods="com.newtours.tests.BookFlightTest.registrationConfirmationPage" finished-at="2022-10-25T11:54:15Z">
          <reporter-output>
          </reporter-output>
        </test-method> <!-- flightDetailsPage -->
        <test-method status="PASS" signature="findFlightPage()[pri:0, instance:com.newtours.tests.BookFlightTest@2d3fcdbd]" name="findFlightPage" duration-ms="483" started-at="2022-10-25T11:54:15Z" depends-on-methods="com.newtours.tests.BookFlightTest.flightDetailsPage" finished-at="2022-10-25T11:54:15Z">
          <reporter-output>
          </reporter-output>
        </test-method> <!-- findFlightPage -->
        <test-method status="PASS" signature="flightConfPage()[pri:0, instance:com.newtours.tests.BookFlightTest@2d3fcdbd]" name="flightConfPage" duration-ms="486" started-at="2022-10-25T11:54:15Z" depends-on-methods="com.newtours.tests.BookFlightTest.findFlightPage" finished-at="2022-10-25T11:54:16Z">
          <reporter-output>
          </reporter-output>
        </test-method> <!-- flightConfPage -->
        <test-method status="PASS" signature="quitBrowser()[pri:0, instance:com.newtours.tests.BookFlightTest@2d3fcdbd]" name="quitBrowser" is-config="true" duration-ms="612" started-at="2022-10-25T11:54:16Z" finished-at="2022-10-25T11:54:17Z">
          <reporter-output>
          </reporter-output>
        </test-method> <!-- quitBrowser -->
      </class> <!-- com.newtours.tests.BookFlightTest -->
    </test> <!-- book fight 3 -->
    <test name="book fight 4" duration-ms="89146" started-at="2022-10-25T11:53:09Z" finished-at="2022-10-25T11:54:38Z">
      <class name="com.newtours.tests.BookFlightTest">
        <test-method status="PASS" signature="setUpDriver()[pri:0, instance:com.newtours.tests.BookFlightTest@7225790e]" name="setUpDriver" is-config="true" duration-ms="71419" started-at="2022-10-25T11:53:09Z" finished-at="2022-10-25T11:54:20Z">
          <reporter-output>
          </reporter-output>
        </test-method> <!-- setUpDriver -->
        <test-method status="PASS" signature="setUpParameter(java.lang.String, java.lang.String)[pri:0, instance:com.newtours.tests.BookFlightTest@7225790e]" name="setUpParameter" is-config="true" duration-ms="1" started-at="2022-10-25T11:54:20Z" depends-on-methods="com.base.driver.BaseTest.setUpDriver" finished-at="2022-10-25T11:54:20Z">
          <params>
            <param index="0">
              <value>
                <![CDATA[4]]>
              </value>
            </param>
            <param index="1">
              <value>
                <![CDATA[$2338 USD]]>
              </value>
            </param>
          </params>
          <reporter-output>
          </reporter-output>
        </test-method> <!-- setUpParameter -->
        <test-method status="PASS" signature="registrationPage()[pri:0, instance:com.newtours.tests.BookFlightTest@7225790e]" name="registrationPage" duration-ms="10700" started-at="2022-10-25T11:54:20Z" finished-at="2022-10-25T11:54:31Z">
          <reporter-output>
          </reporter-output>
        </test-method> <!-- registrationPage -->
        <test-method status="PASS" signature="registrationConfirmationPage()[pri:0, instance:com.newtours.tests.BookFlightTest@7225790e]" name="registrationConfirmationPage" duration-ms="190" started-at="2022-10-25T11:54:31Z" depends-on-methods="com.newtours.tests.BookFlightTest.registrationPage" finished-at="2022-10-25T11:54:31Z">
          <reporter-output>
          </reporter-output>
        </test-method> <!-- registrationConfirmationPage -->
        <test-method status="PASS" signature="flightDetailsPage()[pri:0, instance:com.newtours.tests.BookFlightTest@7225790e]" name="flightDetailsPage" duration-ms="5546" started-at="2022-10-25T11:54:31Z" depends-on-methods="com.newtours.tests.BookFlightTest.registrationConfirmationPage" finished-at="2022-10-25T11:54:37Z">
          <reporter-output>
          </reporter-output>
        </test-method> <!-- flightDetailsPage -->
        <test-method status="PASS" signature="findFlightPage()[pri:0, instance:com.newtours.tests.BookFlightTest@7225790e]" name="findFlightPage" duration-ms="415" started-at="2022-10-25T11:54:37Z" depends-on-methods="com.newtours.tests.BookFlightTest.flightDetailsPage" finished-at="2022-10-25T11:54:37Z">
          <reporter-output>
          </reporter-output>
        </test-method> <!-- findFlightPage -->
        <test-method status="PASS" signature="flightConfPage()[pri:0, instance:com.newtours.tests.BookFlightTest@7225790e]" name="flightConfPage" duration-ms="421" started-at="2022-10-25T11:54:37Z" depends-on-methods="com.newtours.tests.BookFlightTest.findFlightPage" finished-at="2022-10-25T11:54:37Z">
          <reporter-output>
          </reporter-output>
        </test-method> <!-- flightConfPage -->
        <test-method status="PASS" signature="quitBrowser()[pri:0, instance:com.newtours.tests.BookFlightTest@7225790e]" name="quitBrowser" is-config="true" duration-ms="450" started-at="2022-10-25T11:54:37Z" finished-at="2022-10-25T11:54:38Z">
          <reporter-output>
          </reporter-output>
        </test-method> <!-- quitBrowser -->
      </class> <!-- com.newtours.tests.BookFlightTest -->
    </test> <!-- book fight 4 -->
  </suite> <!-- book-flight-module -->
</testng-results>
