<?xml version="1.0" encoding="UTF-8"?>
<testng-results skipped="0" failed="0" ignored="0" total="20" passed="20">
  <reporter-output>
  </reporter-output>
  <suite name="book-flight-module" duration-ms="194763" started-at="2022-10-25T12:03:56Z" finished-at="2022-10-25T12:07:10Z">
    <groups>
    </groups>
    <test name="book fight 3" duration-ms="130250" started-at="2022-10-25T12:03:56Z" finished-at="2022-10-25T12:06:06Z">
      <class name="com.newtours.tests.BookFlightTest">
        <test-method status="PASS" signature="setUpDriver()[pri:0, instance:com.newtours.tests.BookFlightTest@2d3fcdbd]" name="setUpDriver" is-config="true" duration-ms="71399" started-at="2022-10-25T12:03:56Z" finished-at="2022-10-25T12:05:07Z">
          <reporter-output>
          </reporter-output>
        </test-method> <!-- setUpDriver -->
        <test-method status="PASS" signature="setUpParameter(java.lang.String, java.lang.String)[pri:0, instance:com.newtours.tests.BookFlightTest@2d3fcdbd]" name="setUpParameter" is-config="true" duration-ms="0" started-at="2022-10-25T12:05:07Z" depends-on-methods="com.base.driver.BaseTest.setUpDriver" finished-at="2022-10-25T12:05:07Z">
          <params>
            <param index="0">
              <value>
                <![CDATA[3]]>
              </value>
            </param>
            <param index="1">
              <value>
                <![CDATA[$1753 USD]]>
              </value>
            </param>
          </params>
          <reporter-output>
          </reporter-output>
        </test-method> <!-- setUpParameter -->
        <test-method status="PASS" signature="registrationPage()[pri:0, instance:com.newtours.tests.BookFlightTest@2d3fcdbd]" name="registrationPage" duration-ms="27746" started-at="2022-10-25T12:05:07Z" finished-at="2022-10-25T12:05:35Z">
          <reporter-output>
          </reporter-output>
        </test-method> <!-- registrationPage -->
        <test-method status="PASS" signature="registrationConfirmationPage()[pri:0, instance:com.newtours.tests.BookFlightTest@2d3fcdbd]" name="registrationConfirmationPage" duration-ms="217" started-at="2022-10-25T12:05:35Z" depends-on-methods="com.newtours.tests.BookFlightTest.registrationPage" finished-at="2022-10-25T12:05:35Z">
          <reporter-output>
          </reporter-output>
        </test-method> <!-- registrationConfirmationPage -->
        <test-method status="PASS" signature="flightDetailsPage()[pri:0, instance:com.newtours.tests.BookFlightTest@2d3fcdbd]" name="flightDetailsPage" duration-ms="6332" started-at="2022-10-25T12:05:35Z" depends-on-methods="com.newtours.tests.BookFlightTest.registrationConfirmationPage" finished-at="2022-10-25T12:05:41Z">
          <reporter-output>
          </reporter-output>
        </test-method> <!-- flightDetailsPage -->
        <test-method status="PASS" signature="findFlightPage()[pri:0, instance:com.newtours.tests.BookFlightTest@2d3fcdbd]" name="findFlightPage" duration-ms="1179" started-at="2022-10-25T12:05:41Z" depends-on-methods="com.newtours.tests.BookFlightTest.flightDetailsPage" finished-at="2022-10-25T12:05:43Z">
          <reporter-output>
          </reporter-output>
        </test-method> <!-- findFlightPage -->
        <test-method status="PASS" signature="flightConfPage()[pri:0, instance:com.newtours.tests.BookFlightTest@2d3fcdbd]" name="flightConfPage" duration-ms="875" started-at="2022-10-25T12:05:43Z" depends-on-methods="com.newtours.tests.BookFlightTest.findFlightPage" finished-at="2022-10-25T12:05:43Z">
          <reporter-output>
          </reporter-output>
        </test-method> <!-- flightConfPage -->
        <test-method status="PASS" signature="quitBrowser()[pri:0, instance:com.newtours.tests.BookFlightTest@2d3fcdbd]" name="quitBrowser" is-config="true" duration-ms="22494" started-at="2022-10-25T12:05:43Z" finished-at="2022-10-25T12:06:06Z">
          <reporter-output>
          </reporter-output>
        </test-method> <!-- quitBrowser -->
      </class> <!-- com.newtours.tests.BookFlightTest -->
    </test> <!-- book fight 3 -->
    <test name="book flight 1" duration-ms="131257" started-at="2022-10-25T12:03:56Z" finished-at="2022-10-25T12:06:07Z">
      <class name="com.newtours.tests.BookFlightTest">
        <test-method status="PASS" signature="setUpDriver()[pri:0, instance:com.newtours.tests.BookFlightTest@7a5d012c]" name="setUpDriver" is-config="true" duration-ms="62296" started-at="2022-10-25T12:03:56Z" finished-at="2022-10-25T12:04:58Z">
          <reporter-output>
          </reporter-output>
        </test-method> <!-- setUpDriver -->
        <test-method status="PASS" signature="setUpParameter(java.lang.String, java.lang.String)[pri:0, instance:com.newtours.tests.BookFlightTest@7a5d012c]" name="setUpParameter" is-config="true" duration-ms="0" started-at="2022-10-25T12:04:58Z" depends-on-methods="com.base.driver.BaseTest.setUpDriver" finished-at="2022-10-25T12:04:58Z">
          <params>
            <param index="0">
              <value>
                <![CDATA[1]]>
              </value>
            </param>
            <param index="1">
              <value>
                <![CDATA[$584 USD]]>
              </value>
            </param>
          </params>
          <reporter-output>
          </reporter-output>
        </test-method> <!-- setUpParameter -->
        <test-method status="PASS" signature="registrationPage()[pri:0, instance:com.newtours.tests.BookFlightTest@7a5d012c]" name="registrationPage" duration-ms="34526" started-at="2022-10-25T12:04:58Z" finished-at="2022-10-25T12:05:32Z">
          <reporter-output>
          </reporter-output>
        </test-method> <!-- registrationPage -->
        <test-method status="PASS" signature="registrationConfirmationPage()[pri:0, instance:com.newtours.tests.BookFlightTest@7a5d012c]" name="registrationConfirmationPage" duration-ms="345" started-at="2022-10-25T12:05:32Z" depends-on-methods="com.newtours.tests.BookFlightTest.registrationPage" finished-at="2022-10-25T12:05:33Z">
          <reporter-output>
          </reporter-output>
        </test-method> <!-- registrationConfirmationPage -->
        <test-method status="PASS" signature="flightDetailsPage()[pri:0, instance:com.newtours.tests.BookFlightTest@7a5d012c]" name="flightDetailsPage" duration-ms="6735" started-at="2022-10-25T12:05:33Z" depends-on-methods="com.newtours.tests.BookFlightTest.registrationConfirmationPage" finished-at="2022-10-25T12:05:40Z">
          <reporter-output>
          </reporter-output>
        </test-method> <!-- flightDetailsPage -->
        <test-method status="PASS" signature="findFlightPage()[pri:0, instance:com.newtours.tests.BookFlightTest@7a5d012c]" name="findFlightPage" duration-ms="848" started-at="2022-10-25T12:05:40Z" depends-on-methods="com.newtours.tests.BookFlightTest.flightDetailsPage" finished-at="2022-10-25T12:05:40Z">
          <reporter-output>
          </reporter-output>
        </test-method> <!-- findFlightPage -->
        <test-method status="PASS" signature="flightConfPage()[pri:0, instance:com.newtours.tests.BookFlightTest@7a5d012c]" name="flightConfPage" duration-ms="915" started-at="2022-10-25T12:05:40Z" depends-on-methods="com.newtours.tests.BookFlightTest.findFlightPage" finished-at="2022-10-25T12:05:41Z">
          <reporter-output>
          </reporter-output>
        </test-method> <!-- flightConfPage -->
        <test-method status="PASS" signature="quitBrowser()[pri:0, instance:com.newtours.tests.BookFlightTest@7a5d012c]" name="quitBrowser" is-config="true" duration-ms="25570" started-at="2022-10-25T12:05:41Z" finished-at="2022-10-25T12:06:07Z">
          <reporter-output>
          </reporter-output>
        </test-method> <!-- quitBrowser -->
      </class> <!-- com.newtours.tests.BookFlightTest -->
    </test> <!-- book flight 1 -->
    <test name="book fight 4" duration-ms="131264" started-at="2022-10-25T12:03:56Z" finished-at="2022-10-25T12:06:07Z">
      <class name="com.newtours.tests.BookFlightTest">
        <test-method status="PASS" signature="setUpDriver()[pri:0, instance:com.newtours.tests.BookFlightTest@7225790e]" name="setUpDriver" is-config="true" duration-ms="60992" started-at="2022-10-25T12:03:56Z" finished-at="2022-10-25T12:04:57Z">
          <reporter-output>
          </reporter-output>
        </test-method> <!-- setUpDriver -->
        <test-method status="PASS" signature="setUpParameter(java.lang.String, java.lang.String)[pri:0, instance:com.newtours.tests.BookFlightTest@7225790e]" name="setUpParameter" is-config="true" duration-ms="7" started-at="2022-10-25T12:04:57Z" depends-on-methods="com.base.driver.BaseTest.setUpDriver" finished-at="2022-10-25T12:04:57Z">
          <params>
            <param index="0">
              <value>
                <![CDATA[4]]>
              </value>
            </param>
            <param index="1">
              <value>
                <![CDATA[$2338 USD]]>
              </value>
            </param>
          </params>
          <reporter-output>
          </reporter-output>
        </test-method> <!-- setUpParameter -->
        <test-method status="PASS" signature="registrationPage()[pri:0, instance:com.newtours.tests.BookFlightTest@7225790e]" name="registrationPage" duration-ms="36327" started-at="2022-10-25T12:04:57Z" finished-at="2022-10-25T12:05:33Z">
          <reporter-output>
          </reporter-output>
        </test-method> <!-- registrationPage -->
        <test-method status="PASS" signature="registrationConfirmationPage()[pri:0, instance:com.newtours.tests.BookFlightTest@7225790e]" name="registrationConfirmationPage" duration-ms="683" started-at="2022-10-25T12:05:33Z" depends-on-methods="com.newtours.tests.BookFlightTest.registrationPage" finished-at="2022-10-25T12:05:34Z">
          <reporter-output>
          </reporter-output>
        </test-method> <!-- registrationConfirmationPage -->
        <test-method status="PASS" signature="flightDetailsPage()[pri:0, instance:com.newtours.tests.BookFlightTest@7225790e]" name="flightDetailsPage" duration-ms="6102" started-at="2022-10-25T12:05:34Z" depends-on-methods="com.newtours.tests.BookFlightTest.registrationConfirmationPage" finished-at="2022-10-25T12:05:40Z">
          <reporter-output>
          </reporter-output>
        </test-method> <!-- flightDetailsPage -->
        <test-method status="PASS" signature="findFlightPage()[pri:0, instance:com.newtours.tests.BookFlightTest@7225790e]" name="findFlightPage" duration-ms="1041" started-at="2022-10-25T12:05:40Z" depends-on-methods="com.newtours.tests.BookFlightTest.flightDetailsPage" finished-at="2022-10-25T12:05:41Z">
          <reporter-output>
          </reporter-output>
        </test-method> <!-- findFlightPage -->
        <test-method status="PASS" signature="flightConfPage()[pri:0, instance:com.newtours.tests.BookFlightTest@7225790e]" name="flightConfPage" duration-ms="1120" started-at="2022-10-25T12:05:41Z" depends-on-methods="com.newtours.tests.BookFlightTest.findFlightPage" finished-at="2022-10-25T12:05:42Z">
          <reporter-output>
          </reporter-output>
        </test-method> <!-- flightConfPage -->
        <test-method status="PASS" signature="quitBrowser()[pri:0, instance:com.newtours.tests.BookFlightTest@7225790e]" name="quitBrowser" is-config="true" duration-ms="24970" started-at="2022-10-25T12:05:42Z" finished-at="2022-10-25T12:06:07Z">
          <reporter-output>
          </reporter-output>
        </test-method> <!-- quitBrowser -->
      </class> <!-- com.newtours.tests.BookFlightTest -->
    </test> <!-- book fight 4 -->
    <test name="book fight 2" duration-ms="194729" started-at="2022-10-25T12:03:56Z" finished-at="2022-10-25T12:07:10Z">
      <class name="com.newtours.tests.BookFlightTest">
        <test-method status="PASS" signature="setUpDriver()[pri:0, instance:com.newtours.tests.BookFlightTest@4157f54e]" name="setUpDriver" is-config="true" duration-ms="155591" started-at="2022-10-25T12:03:56Z" finished-at="2022-10-25T12:06:31Z">
          <reporter-output>
          </reporter-output>
        </test-method> <!-- setUpDriver -->
        <test-method status="PASS" signature="setUpParameter(java.lang.String, java.lang.String)[pri:0, instance:com.newtours.tests.BookFlightTest@4157f54e]" name="setUpParameter" is-config="true" duration-ms="1" started-at="2022-10-25T12:06:31Z" depends-on-methods="com.base.driver.BaseTest.setUpDriver" finished-at="2022-10-25T12:06:31Z">
          <params>
            <param index="0">
              <value>
                <![CDATA[2]]>
              </value>
            </param>
            <param index="1">
              <value>
                <![CDATA[$1169 USD]]>
              </value>
            </param>
          </params>
          <reporter-output>
          </reporter-output>
        </test-method> <!-- setUpParameter -->
        <test-method status="PASS" signature="registrationPage()[pri:0, instance:com.newtours.tests.BookFlightTest@4157f54e]" name="registrationPage" duration-ms="20570" started-at="2022-10-25T12:06:31Z" finished-at="2022-10-25T12:06:52Z">
          <reporter-output>
          </reporter-output>
        </test-method> <!-- registrationPage -->
        <test-method status="PASS" signature="registrationConfirmationPage()[pri:0, instance:com.newtours.tests.BookFlightTest@4157f54e]" name="registrationConfirmationPage" duration-ms="203" started-at="2022-10-25T12:06:52Z" depends-on-methods="com.newtours.tests.BookFlightTest.registrationPage" finished-at="2022-10-25T12:06:52Z">
          <reporter-output>
          </reporter-output>
        </test-method> <!-- registrationConfirmationPage -->
        <test-method status="PASS" signature="flightDetailsPage()[pri:0, instance:com.newtours.tests.BookFlightTest@4157f54e]" name="flightDetailsPage" duration-ms="5833" started-at="2022-10-25T12:06:52Z" depends-on-methods="com.newtours.tests.BookFlightTest.registrationConfirmationPage" finished-at="2022-10-25T12:06:58Z">
          <reporter-output>
          </reporter-output>
        </test-method> <!-- flightDetailsPage -->
        <test-method status="PASS" signature="findFlightPage()[pri:0, instance:com.newtours.tests.BookFlightTest@4157f54e]" name="findFlightPage" duration-ms="1069" started-at="2022-10-25T12:06:58Z" depends-on-methods="com.newtours.tests.BookFlightTest.flightDetailsPage" finished-at="2022-10-25T12:06:59Z">
          <reporter-output>
          </reporter-output>
        </test-method> <!-- findFlightPage -->
        <test-method status="PASS" signature="flightConfPage()[pri:0, instance:com.newtours.tests.BookFlightTest@4157f54e]" name="flightConfPage" duration-ms="553" started-at="2022-10-25T12:06:59Z" depends-on-methods="com.newtours.tests.BookFlightTest.findFlightPage" finished-at="2022-10-25T12:06:59Z">
          <reporter-output>
          </reporter-output>
        </test-method> <!-- flightConfPage -->
        <test-method status="PASS" signature="quitBrowser()[pri:0, instance:com.newtours.tests.BookFlightTest@4157f54e]" name="quitBrowser" is-config="true" duration-ms="10903" started-at="2022-10-25T12:06:59Z" finished-at="2022-10-25T12:07:10Z">
          <reporter-output>
          </reporter-output>
        </test-method> <!-- quitBrowser -->
      </class> <!-- com.newtours.tests.BookFlightTest -->
    </test> <!-- book fight 2 -->
  </suite> <!-- book-flight-module -->
</testng-results>
