<?xml version="1.0" encoding="UTF-8"?>
<!-- Generated by org.testng.reporters.JUnitXMLReporter -->
<testsuite hostname="DESKTOP-T6D122N" ignored="0" name="book flight 1" tests="5" failures="0" timestamp="23 Oct 2022 19:48:18 GMT" time="92.487" errors="0">
  <testcase name="registrationPage" time="28.21" classname="com.newtours.tests.BookFlightTest"/>
  <testcase name="registrationConfirmationPage" time="2.499" classname="com.newtours.tests.BookFlightTest"/>
  <testcase name="flightDetailsPage" time="7.623" classname="com.newtours.tests.BookFlightTest"/>
  <testcase name="findFlightPage" time="1.509" classname="com.newtours.tests.BookFlightTest"/>
  <testcase name="flightConfPage" time="1.442" classname="com.newtours.tests.BookFlightTest"/>
</testsuite> <!-- book flight 1 -->
