<?xml version="1.0" encoding="UTF-8"?>
<!-- Generated by org.testng.reporters.JUnitXMLReporter -->
<testsuite hostname="DESKTOP-T6D122N" ignored="0" name="book fight 4" tests="5" failures="0" timestamp="23 Oct 2022 19:48:18 GMT" time="92.01" errors="0">
  <testcase name="registrationPage" time="26.477" classname="com.newtours.tests.BookFlightTest"/>
  <testcase name="registrationConfirmationPage" time="2.534" classname="com.newtours.tests.BookFlightTest"/>
  <testcase name="flightDetailsPage" time="7.73" classname="com.newtours.tests.BookFlightTest"/>
  <testcase name="findFlightPage" time="1.395" classname="com.newtours.tests.BookFlightTest"/>
  <testcase name="flightConfPage" time="1.41" classname="com.newtours.tests.BookFlightTest"/>
</testsuite> <!-- book fight 4 -->
