<?xml version="1.0" encoding="UTF-8"?>
<testng-results skipped="0" failed="0" ignored="0" total="20" passed="20">
  <reporter-output>
  </reporter-output>
  <suite name="book-flight-module" duration-ms="96203" started-at="2022-10-25T12:03:53Z" finished-at="2022-10-25T12:05:29Z">
    <groups>
    </groups>
    <test name="book fight 4" duration-ms="43356" started-at="2022-10-25T12:03:53Z" finished-at="2022-10-25T12:04:36Z">
      <class name="com.newtours.tests.BookFlightTest">
        <test-method status="PASS" signature="setUpDriver()[pri:0, instance:com.newtours.tests.BookFlightTest@7225790e]" name="setUpDriver" is-config="true" duration-ms="13923" started-at="2022-10-25T12:03:53Z" finished-at="2022-10-25T12:04:07Z">
          <reporter-output>
          </reporter-output>
        </test-method> <!-- setUpDriver -->
        <test-method status="PASS" signature="setUpParameter(java.lang.String, java.lang.String)[pri:0, instance:com.newtours.tests.BookFlightTest@7225790e]" name="setUpParameter" is-config="true" duration-ms="3" started-at="2022-10-25T12:04:07Z" depends-on-methods="com.base.driver.BaseTest.setUpDriver" finished-at="2022-10-25T12:04:07Z">
          <params>
            <param index="0">
              <value>
                <![CDATA[4]]>
              </value>
            </param>
            <param index="1">
              <value>
                <![CDATA[$2338 USD]]>
              </value>
            </param>
          </params>
          <reporter-output>
          </reporter-output>
        </test-method> <!-- setUpParameter -->
        <test-method status="PASS" signature="registrationPage()[pri:0, instance:com.newtours.tests.BookFlightTest@7225790e]" name="registrationPage" duration-ms="19409" started-at="2022-10-25T12:04:07Z" finished-at="2022-10-25T12:04:26Z">
          <reporter-output>
          </reporter-output>
        </test-method> <!-- registrationPage -->
        <test-method status="PASS" signature="registrationConfirmationPage()[pri:0, instance:com.newtours.tests.BookFlightTest@7225790e]" name="registrationConfirmationPage" duration-ms="937" started-at="2022-10-25T12:04:26Z" depends-on-methods="com.newtours.tests.BookFlightTest.registrationPage" finished-at="2022-10-25T12:04:27Z">
          <reporter-output>
          </reporter-output>
        </test-method> <!-- registrationConfirmationPage -->
        <test-method status="PASS" signature="flightDetailsPage()[pri:0, instance:com.newtours.tests.BookFlightTest@7225790e]" name="flightDetailsPage" duration-ms="5670" started-at="2022-10-25T12:04:27Z" depends-on-methods="com.newtours.tests.BookFlightTest.registrationConfirmationPage" finished-at="2022-10-25T12:04:33Z">
          <reporter-output>
          </reporter-output>
        </test-method> <!-- flightDetailsPage -->
        <test-method status="PASS" signature="findFlightPage()[pri:0, instance:com.newtours.tests.BookFlightTest@7225790e]" name="findFlightPage" duration-ms="888" started-at="2022-10-25T12:04:33Z" depends-on-methods="com.newtours.tests.BookFlightTest.flightDetailsPage" finished-at="2022-10-25T12:04:34Z">
          <reporter-output>
          </reporter-output>
        </test-method> <!-- findFlightPage -->
        <test-method status="PASS" signature="flightConfPage()[pri:0, instance:com.newtours.tests.BookFlightTest@7225790e]" name="flightConfPage" duration-ms="885" started-at="2022-10-25T12:04:34Z" depends-on-methods="com.newtours.tests.BookFlightTest.findFlightPage" finished-at="2022-10-25T12:04:35Z">
          <reporter-output>
          </reporter-output>
        </test-method> <!-- flightConfPage -->
        <test-method status="PASS" signature="quitBrowser()[pri:0, instance:com.newtours.tests.BookFlightTest@7225790e]" name="quitBrowser" is-config="true" duration-ms="1566" started-at="2022-10-25T12:04:35Z" finished-at="2022-10-25T12:04:36Z">
          <reporter-output>
          </reporter-output>
        </test-method> <!-- quitBrowser -->
      </class> <!-- com.newtours.tests.BookFlightTest -->
    </test> <!-- book fight 4 -->
    <test name="book fight 2" duration-ms="44097" started-at="2022-10-25T12:03:53Z" finished-at="2022-10-25T12:04:37Z">
      <class name="com.newtours.tests.BookFlightTest">
        <test-method status="PASS" signature="setUpDriver()[pri:0, instance:com.newtours.tests.BookFlightTest@4157f54e]" name="setUpDriver" is-config="true" duration-ms="13940" started-at="2022-10-25T12:03:53Z" finished-at="2022-10-25T12:04:07Z">
          <reporter-output>
          </reporter-output>
        </test-method> <!-- setUpDriver -->
        <test-method status="PASS" signature="setUpParameter(java.lang.String, java.lang.String)[pri:0, instance:com.newtours.tests.BookFlightTest@4157f54e]" name="setUpParameter" is-config="true" duration-ms="25" started-at="2022-10-25T12:04:07Z" depends-on-methods="com.base.driver.BaseTest.setUpDriver" finished-at="2022-10-25T12:04:07Z">
          <params>
            <param index="0">
              <value>
                <![CDATA[2]]>
              </value>
            </param>
            <param index="1">
              <value>
                <![CDATA[$1169 USD]]>
              </value>
            </param>
          </params>
          <reporter-output>
          </reporter-output>
        </test-method> <!-- setUpParameter -->
        <test-method status="PASS" signature="registrationPage()[pri:0, instance:com.newtours.tests.BookFlightTest@4157f54e]" name="registrationPage" duration-ms="20340" started-at="2022-10-25T12:04:07Z" finished-at="2022-10-25T12:04:27Z">
          <reporter-output>
          </reporter-output>
        </test-method> <!-- registrationPage -->
        <test-method status="PASS" signature="registrationConfirmationPage()[pri:0, instance:com.newtours.tests.BookFlightTest@4157f54e]" name="registrationConfirmationPage" duration-ms="740" started-at="2022-10-25T12:04:27Z" depends-on-methods="com.newtours.tests.BookFlightTest.registrationPage" finished-at="2022-10-25T12:04:28Z">
          <reporter-output>
          </reporter-output>
        </test-method> <!-- registrationConfirmationPage -->
        <test-method status="PASS" signature="flightDetailsPage()[pri:0, instance:com.newtours.tests.BookFlightTest@4157f54e]" name="flightDetailsPage" duration-ms="6076" started-at="2022-10-25T12:04:28Z" depends-on-methods="com.newtours.tests.BookFlightTest.registrationConfirmationPage" finished-at="2022-10-25T12:04:34Z">
          <reporter-output>
          </reporter-output>
        </test-method> <!-- flightDetailsPage -->
        <test-method status="PASS" signature="findFlightPage()[pri:0, instance:com.newtours.tests.BookFlightTest@4157f54e]" name="findFlightPage" duration-ms="871" started-at="2022-10-25T12:04:34Z" depends-on-methods="com.newtours.tests.BookFlightTest.flightDetailsPage" finished-at="2022-10-25T12:04:35Z">
          <reporter-output>
          </reporter-output>
        </test-method> <!-- findFlightPage -->
        <test-method status="PASS" signature="flightConfPage()[pri:0, instance:com.newtours.tests.BookFlightTest@4157f54e]" name="flightConfPage" duration-ms="594" started-at="2022-10-25T12:04:35Z" depends-on-methods="com.newtours.tests.BookFlightTest.findFlightPage" finished-at="2022-10-25T12:04:35Z">
          <reporter-output>
          </reporter-output>
        </test-method> <!-- flightConfPage -->
        <test-method status="PASS" signature="quitBrowser()[pri:0, instance:com.newtours.tests.BookFlightTest@4157f54e]" name="quitBrowser" is-config="true" duration-ms="1444" started-at="2022-10-25T12:04:35Z" finished-at="2022-10-25T12:04:37Z">
          <reporter-output>
          </reporter-output>
        </test-method> <!-- quitBrowser -->
      </class> <!-- com.newtours.tests.BookFlightTest -->
    </test> <!-- book fight 2 -->
    <test name="book fight 3" duration-ms="46174" started-at="2022-10-25T12:03:53Z" finished-at="2022-10-25T12:04:39Z">
      <class name="com.newtours.tests.BookFlightTest">
        <test-method status="PASS" signature="setUpDriver()[pri:0, instance:com.newtours.tests.BookFlightTest@2d3fcdbd]" name="setUpDriver" is-config="true" duration-ms="13950" started-at="2022-10-25T12:03:53Z" finished-at="2022-10-25T12:04:07Z">
          <reporter-output>
          </reporter-output>
        </test-method> <!-- setUpDriver -->
        <test-method status="PASS" signature="setUpParameter(java.lang.String, java.lang.String)[pri:0, instance:com.newtours.tests.BookFlightTest@2d3fcdbd]" name="setUpParameter" is-config="true" duration-ms="13" started-at="2022-10-25T12:04:07Z" depends-on-methods="com.base.driver.BaseTest.setUpDriver" finished-at="2022-10-25T12:04:07Z">
          <params>
            <param index="0">
              <value>
                <![CDATA[3]]>
              </value>
            </param>
            <param index="1">
              <value>
                <![CDATA[$1753 USD]]>
              </value>
            </param>
          </params>
          <reporter-output>
          </reporter-output>
        </test-method> <!-- setUpParameter -->
        <test-method status="PASS" signature="registrationPage()[pri:0, instance:com.newtours.tests.BookFlightTest@2d3fcdbd]" name="registrationPage" duration-ms="20988" started-at="2022-10-25T12:04:07Z" finished-at="2022-10-25T12:04:28Z">
          <reporter-output>
          </reporter-output>
        </test-method> <!-- registrationPage -->
        <test-method status="PASS" signature="registrationConfirmationPage()[pri:0, instance:com.newtours.tests.BookFlightTest@2d3fcdbd]" name="registrationConfirmationPage" duration-ms="268" started-at="2022-10-25T12:04:28Z" depends-on-methods="com.newtours.tests.BookFlightTest.registrationPage" finished-at="2022-10-25T12:04:28Z">
          <reporter-output>
          </reporter-output>
        </test-method> <!-- registrationConfirmationPage -->
        <test-method status="PASS" signature="flightDetailsPage()[pri:0, instance:com.newtours.tests.BookFlightTest@2d3fcdbd]" name="flightDetailsPage" duration-ms="6196" started-at="2022-10-25T12:04:28Z" depends-on-methods="com.newtours.tests.BookFlightTest.registrationConfirmationPage" finished-at="2022-10-25T12:04:34Z">
          <reporter-output>
          </reporter-output>
        </test-method> <!-- flightDetailsPage -->
        <test-method status="PASS" signature="findFlightPage()[pri:0, instance:com.newtours.tests.BookFlightTest@2d3fcdbd]" name="findFlightPage" duration-ms="785" started-at="2022-10-25T12:04:34Z" depends-on-methods="com.newtours.tests.BookFlightTest.flightDetailsPage" finished-at="2022-10-25T12:04:35Z">
          <reporter-output>
          </reporter-output>
        </test-method> <!-- findFlightPage -->
        <test-method status="PASS" signature="flightConfPage()[pri:0, instance:com.newtours.tests.BookFlightTest@2d3fcdbd]" name="flightConfPage" duration-ms="743" started-at="2022-10-25T12:04:35Z" depends-on-methods="com.newtours.tests.BookFlightTest.findFlightPage" finished-at="2022-10-25T12:04:36Z">
          <reporter-output>
          </reporter-output>
        </test-method> <!-- flightConfPage -->
        <test-method status="PASS" signature="quitBrowser()[pri:0, instance:com.newtours.tests.BookFlightTest@2d3fcdbd]" name="quitBrowser" is-config="true" duration-ms="3179" started-at="2022-10-25T12:04:36Z" finished-at="2022-10-25T12:04:39Z">
          <reporter-output>
          </reporter-output>
        </test-method> <!-- quitBrowser -->
      </class> <!-- com.newtours.tests.BookFlightTest -->
    </test> <!-- book fight 3 -->
    <test name="book flight 1" duration-ms="96203" started-at="2022-10-25T12:03:53Z" finished-at="2022-10-25T12:05:29Z">
      <class name="com.newtours.tests.BookFlightTest">
        <test-method status="PASS" signature="setUpDriver()[pri:0, instance:com.newtours.tests.BookFlightTest@7a5d012c]" name="setUpDriver" is-config="true" duration-ms="65332" started-at="2022-10-25T12:03:53Z" finished-at="2022-10-25T12:04:58Z">
          <reporter-output>
          </reporter-output>
        </test-method> <!-- setUpDriver -->
        <test-method status="PASS" signature="setUpParameter(java.lang.String, java.lang.String)[pri:0, instance:com.newtours.tests.BookFlightTest@7a5d012c]" name="setUpParameter" is-config="true" duration-ms="1" started-at="2022-10-25T12:04:58Z" depends-on-methods="com.base.driver.BaseTest.setUpDriver" finished-at="2022-10-25T12:04:58Z">
          <params>
            <param index="0">
              <value>
                <![CDATA[1]]>
              </value>
            </param>
            <param index="1">
              <value>
                <![CDATA[$584 USD]]>
              </value>
            </param>
          </params>
          <reporter-output>
          </reporter-output>
        </test-method> <!-- setUpParameter -->
        <test-method status="PASS" signature="registrationPage()[pri:0, instance:com.newtours.tests.BookFlightTest@7a5d012c]" name="registrationPage" duration-ms="22881" started-at="2022-10-25T12:04:58Z" finished-at="2022-10-25T12:05:21Z">
          <reporter-output>
          </reporter-output>
        </test-method> <!-- registrationPage -->
        <test-method status="PASS" signature="registrationConfirmationPage()[pri:0, instance:com.newtours.tests.BookFlightTest@7a5d012c]" name="registrationConfirmationPage" duration-ms="716" started-at="2022-10-25T12:05:21Z" depends-on-methods="com.newtours.tests.BookFlightTest.registrationPage" finished-at="2022-10-25T12:05:22Z">
          <reporter-output>
          </reporter-output>
        </test-method> <!-- registrationConfirmationPage -->
        <test-method status="PASS" signature="flightDetailsPage()[pri:0, instance:com.newtours.tests.BookFlightTest@7a5d012c]" name="flightDetailsPage" duration-ms="5626" started-at="2022-10-25T12:05:22Z" depends-on-methods="com.newtours.tests.BookFlightTest.registrationConfirmationPage" finished-at="2022-10-25T12:05:27Z">
          <reporter-output>
          </reporter-output>
        </test-method> <!-- flightDetailsPage -->
        <test-method status="PASS" signature="findFlightPage()[pri:0, instance:com.newtours.tests.BookFlightTest@7a5d012c]" name="findFlightPage" duration-ms="798" started-at="2022-10-25T12:05:27Z" depends-on-methods="com.newtours.tests.BookFlightTest.flightDetailsPage" finished-at="2022-10-25T12:05:28Z">
          <reporter-output>
          </reporter-output>
        </test-method> <!-- findFlightPage -->
        <test-method status="PASS" signature="flightConfPage()[pri:0, instance:com.newtours.tests.BookFlightTest@7a5d012c]" name="flightConfPage" duration-ms="452" started-at="2022-10-25T12:05:28Z" depends-on-methods="com.newtours.tests.BookFlightTest.findFlightPage" finished-at="2022-10-25T12:05:29Z">
          <reporter-output>
          </reporter-output>
        </test-method> <!-- flightConfPage -->
        <test-method status="PASS" signature="quitBrowser()[pri:0, instance:com.newtours.tests.BookFlightTest@7a5d012c]" name="quitBrowser" is-config="true" duration-ms="394" started-at="2022-10-25T12:05:29Z" finished-at="2022-10-25T12:05:29Z">
          <reporter-output>
          </reporter-output>
        </test-method> <!-- quitBrowser -->
      </class> <!-- com.newtours.tests.BookFlightTest -->
    </test> <!-- book flight 1 -->
  </suite> <!-- book-flight-module -->
</testng-results>
