<?xml version="1.0" encoding="UTF-8"?>
<!-- Generated by org.testng.reporters.JUnitXMLReporter -->
<testsuite hostname="DESKTOP-T6D122N" ignored="0" name="book fight 4" tests="5" failures="0" timestamp="23 Oct 2022 18:31:36 GMT" time="22.654" errors="0">
  <testcase name="registrationPage" time="8.514" classname="com.newtours.tests.BookFlightTest"/>
  <testcase name="registrationConfirmationPage" time="0.184" classname="com.newtours.tests.BookFlightTest"/>
  <testcase name="flightDetailsPage" time="5.558" classname="com.newtours.tests.BookFlightTest"/>
  <testcase name="findFlightPage" time="0.473" classname="com.newtours.tests.BookFlightTest"/>
  <testcase name="flightConfPage" time="0.384" classname="com.newtours.tests.BookFlightTest"/>
</testsuite> <!-- book fight 4 -->
