<?xml version="1.0" encoding="UTF-8"?>
<testng-results skipped="0" failed="0" ignored="0" total="5" passed="5">
  <reporter-output>
  </reporter-output>
  <suite name="search-module" duration-ms="202828" started-at="2022-10-25T11:53:10Z" finished-at="2022-10-25T11:56:32Z">
    <groups>
    </groups>
    <test name="search java" duration-ms="55474" started-at="2022-10-25T11:53:10Z" finished-at="2022-10-25T11:54:05Z">
      <class name="com.newtours.tests.SearchTest">
        <test-method status="PASS" signature="setUpDriver()[pri:0, instance:com.newtours.tests.SearchTest@3d8c7aca]" name="setUpDriver" is-config="true" duration-ms="20713" started-at="2022-10-25T11:53:10Z" finished-at="2022-10-25T11:53:30Z">
          <reporter-output>
          </reporter-output>
        </test-method> <!-- setUpDriver -->
        <test-method status="PASS" signature="search(java.lang.String)[pri:0, instance:com.newtours.tests.SearchTest@3d8c7aca]" name="search" duration-ms="8065" started-at="2022-10-25T11:53:30Z" finished-at="2022-10-25T11:53:38Z">
          <params>
            <param index="0">
              <value>
                <![CDATA[java]]>
              </value>
            </param>
          </params>
          <reporter-output>
          </reporter-output>
        </test-method> <!-- search -->
        <test-method status="PASS" signature="quitBrowser()[pri:0, instance:com.newtours.tests.SearchTest@3d8c7aca]" name="quitBrowser" is-config="true" duration-ms="26678" started-at="2022-10-25T11:53:38Z" finished-at="2022-10-25T11:54:05Z">
          <reporter-output>
          </reporter-output>
        </test-method> <!-- quitBrowser -->
      </class> <!-- com.newtours.tests.SearchTest -->
    </test> <!-- search java -->
    <test name="search qa" duration-ms="44719" started-at="2022-10-25T11:54:05Z" finished-at="2022-10-25T11:54:50Z">
      <class name="com.newtours.tests.SearchTest">
        <test-method status="PASS" signature="setUpDriver()[pri:0, instance:com.newtours.tests.SearchTest@4cb2c100]" name="setUpDriver" is-config="true" duration-ms="17230" started-at="2022-10-25T11:54:05Z" finished-at="2022-10-25T11:54:22Z">
          <reporter-output>
          </reporter-output>
        </test-method> <!-- setUpDriver -->
        <test-method status="PASS" signature="search(java.lang.String)[pri:0, instance:com.newtours.tests.SearchTest@4cb2c100]" name="search" duration-ms="7842" started-at="2022-10-25T11:54:22Z" finished-at="2022-10-25T11:54:30Z">
          <params>
            <param index="0">
              <value>
                <![CDATA[qa]]>
              </value>
            </param>
          </params>
          <reporter-output>
          </reporter-output>
        </test-method> <!-- search -->
        <test-method status="PASS" signature="quitBrowser()[pri:0, instance:com.newtours.tests.SearchTest@4cb2c100]" name="quitBrowser" is-config="true" duration-ms="19646" started-at="2022-10-25T11:54:30Z" finished-at="2022-10-25T11:54:50Z">
          <reporter-output>
          </reporter-output>
        </test-method> <!-- quitBrowser -->
      </class> <!-- com.newtours.tests.SearchTest -->
    </test> <!-- search qa -->
    <test name="search webdriver" duration-ms="37992" started-at="2022-10-25T11:54:50Z" finished-at="2022-10-25T11:55:28Z">
      <class name="com.newtours.tests.SearchTest">
        <test-method status="PASS" signature="setUpDriver()[pri:0, instance:com.newtours.tests.SearchTest@6be46e8f]" name="setUpDriver" is-config="true" duration-ms="15446" started-at="2022-10-25T11:54:50Z" finished-at="2022-10-25T11:55:05Z">
          <reporter-output>
          </reporter-output>
        </test-method> <!-- setUpDriver -->
        <test-method status="PASS" signature="search(java.lang.String)[pri:0, instance:com.newtours.tests.SearchTest@6be46e8f]" name="search" duration-ms="8597" started-at="2022-10-25T11:55:05Z" finished-at="2022-10-25T11:55:14Z">
          <params>
            <param index="0">
              <value>
                <![CDATA[webdriver]]>
              </value>
            </param>
          </params>
          <reporter-output>
          </reporter-output>
        </test-method> <!-- search -->
        <test-method status="PASS" signature="quitBrowser()[pri:0, instance:com.newtours.tests.SearchTest@6be46e8f]" name="quitBrowser" is-config="true" duration-ms="13940" started-at="2022-10-25T11:55:14Z" finished-at="2022-10-25T11:55:28Z">
          <reporter-output>
          </reporter-output>
        </test-method> <!-- quitBrowser -->
      </class> <!-- com.newtours.tests.SearchTest -->
    </test> <!-- search webdriver -->
    <test name="search docker" duration-ms="33617" started-at="2022-10-25T11:55:28Z" finished-at="2022-10-25T11:56:02Z">
      <class name="com.newtours.tests.SearchTest">
        <test-method status="PASS" signature="setUpDriver()[pri:0, instance:com.newtours.tests.SearchTest@15975490]" name="setUpDriver" is-config="true" duration-ms="15539" started-at="2022-10-25T11:55:28Z" finished-at="2022-10-25T11:55:43Z">
          <reporter-output>
          </reporter-output>
        </test-method> <!-- setUpDriver -->
        <test-method status="PASS" signature="search(java.lang.String)[pri:0, instance:com.newtours.tests.SearchTest@15975490]" name="search" duration-ms="7270" started-at="2022-10-25T11:55:43Z" finished-at="2022-10-25T11:55:51Z">
          <params>
            <param index="0">
              <value>
                <![CDATA[docker]]>
              </value>
            </param>
          </params>
          <reporter-output>
          </reporter-output>
        </test-method> <!-- search -->
        <test-method status="PASS" signature="quitBrowser()[pri:0, instance:com.newtours.tests.SearchTest@15975490]" name="quitBrowser" is-config="true" duration-ms="10801" started-at="2022-10-25T11:55:51Z" finished-at="2022-10-25T11:56:02Z">
          <reporter-output>
          </reporter-output>
        </test-method> <!-- quitBrowser -->
      </class> <!-- com.newtours.tests.SearchTest -->
    </test> <!-- search docker -->
    <test name="search kubernetes" duration-ms="30844" started-at="2022-10-25T11:56:02Z" finished-at="2022-10-25T11:56:32Z">
      <class name="com.newtours.tests.SearchTest">
        <test-method status="PASS" signature="setUpDriver()[pri:0, instance:com.newtours.tests.SearchTest@2d3fcdbd]" name="setUpDriver" is-config="true" duration-ms="14882" started-at="2022-10-25T11:56:02Z" finished-at="2022-10-25T11:56:16Z">
          <reporter-output>
          </reporter-output>
        </test-method> <!-- setUpDriver -->
        <test-method status="PASS" signature="search(java.lang.String)[pri:0, instance:com.newtours.tests.SearchTest@2d3fcdbd]" name="search" duration-ms="5724" started-at="2022-10-25T11:56:16Z" finished-at="2022-10-25T11:56:22Z">
          <params>
            <param index="0">
              <value>
                <![CDATA[kubernetes]]>
              </value>
            </param>
          </params>
          <reporter-output>
          </reporter-output>
        </test-method> <!-- search -->
        <test-method status="PASS" signature="quitBrowser()[pri:0, instance:com.newtours.tests.SearchTest@2d3fcdbd]" name="quitBrowser" is-config="true" duration-ms="10235" started-at="2022-10-25T11:56:22Z" finished-at="2022-10-25T11:56:32Z">
          <reporter-output>
          </reporter-output>
        </test-method> <!-- quitBrowser -->
      </class> <!-- com.newtours.tests.SearchTest -->
    </test> <!-- search kubernetes -->
  </suite> <!-- search-module -->
</testng-results>
